This is pdfeTeX, Version 3.141592-1.21a-2.2 (Web2C 7.5.4) (format=pdflatex 2009.4.16)  5 DEC 2009 18:44
entering extended mode
**cover_letter.tex
(./cover_letter.tex
LaTeX2e <2003/12/01>
Babel <v3.8d> and hyphenation patterns for american, french, german, ngerman, b
ahasa, basque, bulgarian, catalan, croatian, czech, danish, dutch, esperanto, e
stonian, finnish, greek, icelandic, irish, italian, latin, magyar, norsk, polis
h, portuges, romanian, russian, serbian, slovak, slovene, spanish, swedish, tur
kish, ukrainian, nohyphenation, loaded.
(/opt/local/share/texmf-dist/tex/latex/base/letter.cls
Document Class: letter 1999/04/29 v1.2z Standard LaTeX document class
(/opt/local/share/texmf-dist/tex/latex/base/size10.clo
File: size10.clo 2004/02/16 v1.4f Standard LaTeX file (size option)
)
\longindentation=\dimen102
\indentedwidth=\dimen103
\labelcount=\count79
) (./cover_letter.aux)
\openout1 = `cover_letter.aux'.

LaTeX Font Info:    Checking defaults for OML/cmm/m/it on input line 24.
LaTeX Font Info:    ... okay on input line 24.
LaTeX Font Info:    Checking defaults for T1/cmr/m/n on input line 24.
LaTeX Font Info:    ... okay on input line 24.
LaTeX Font Info:    Checking defaults for OT1/cmr/m/n on input line 24.
LaTeX Font Info:    ... okay on input line 24.
LaTeX Font Info:    Checking defaults for OMS/cmsy/m/n on input line 24.
LaTeX Font Info:    ... okay on input line 24.
LaTeX Font Info:    Checking defaults for OMX/cmex/m/n on input line 24.
LaTeX Font Info:    ... okay on input line 24.
LaTeX Font Info:    Checking defaults for U/cmr/m/n on input line 24.
LaTeX Font Info:    ... okay on input line 24.
LaTeX Font Info:    External font `cmex10' loaded for size
(Font)              <7> on input line 46.
LaTeX Font Info:    External font `cmex10' loaded for size
(Font)              <5> on input line 46.

[1

{/opt/local/share/texmf-var/fonts/map/pdftex/updmap/pdftex.map}] [2]
(./cover_letter.aux) ) 
Here is how much of TeX's memory you used:
 141 strings out of 94500
 1511 string characters out of 1155413
 51348 words of memory out of 1000000
 3393 multiletter control sequences out of 10000+50000
 3986 words of font info for 15 fonts, out of 500000 for 2000
 580 hyphenation exceptions out of 1000
 23i,6n,19p,226b,179s stack positions out of 1500i,500n,5000p,200000b,5000s
PDF statistics:
 19 PDF objects out of 300000
 0 named destinations out of 131072
 1 words of extra memory for PDF output out of 65536
</opt/local/share/texmf-dist/fonts/type1/bluesky/cm/cmmi7
.pfb></opt/local/share/texmf-dist/fonts/type1/bluesky/cm/cmmi10.pfb></opt/local
/share/texmf-dist/fonts/type1/bluesky/cm/cmti10.pfb></opt/local/share/texmf-dis
t/fonts/type1/bluesky/cm/cmr10.pfb>
Output written on cover_letter.pdf (2 pages, 32186 bytes).
